Unable to capture context for thread 13468 in process 8476, can not generate back trace
Exception at PC 0x00007FF99799BB93
Unable to capture context for thread 13468 in process 8476, can not generate back trace
Printing stacktrace...

Exception at PC 0x00007FF9C91D3B29
Exception at PC 0x00007FF9C91D3B29
Exception at PC 0x00007FF9C91D3B29
Exception at PC 0x00007FF9C91D3B29
Exception at PC 0x00007FF9C91D3B29
Exception at PC 0x00007FF9C91D3B29
Exception at PC 0x00007FF9C91D3B29
Exception at PC 0x00007FF9C91D3B29
Exception at PC 0x00007FF9C91D3B29
Exception at PC 0x00007FF9C91D3B29
Exception at PC 0x00007FF9C91D3B29
Exception at PC 0x00007FF9C91D3B29
[0]  [0x00007FF99799BB93]
[1]  [0x00007FF99799BB93]
[2]  [0x00007FF99799B4A1]
[3]  [0x00007FF99799B3EF]
[4]  [0x00007FF9979819FE]
[5]  [0x00007FF997980ED1]
[6]  [0x00007FF997980D76]
[7]  [0x00007FF9979279F6]
[8]  [0x00007FF997917AFB]
[9]  [0x00007FF997A3E90A]
[10]  [0x00007FF997A59F87]
[11]  [0x00007FF997A5A05F]
[12] (BaseThreadInitThunk+0x14) [0x00007FF9CB477C24]
[13] (RtlUserThreadStart+0x21) [0x00007FF9CB88D721]
Done
Exception at PC 0x00007FF9C91D3B29
Exception at PC 0x00007FF9C91D3B29
Exception at PC 0x00007FF9C91D3B29
Exception at PC 0x00007FF9C91D3B29
Exception at PC 0x00007FF9C91D3B29
Exception at PC 0x00007FF9C91D3B29
