Unable to capture context for thread 5440 in process 6624, can not generate back trace
Exception at PC 0x00007FFB146EBB93
Printing stacktrace...

Unable to capture context for thread 5440 in process 6624, can not generate back trace
Exception at PC 0x00007FFB48D23B29
Exception at PC 0x00007FFB48D23B29
Exception at PC 0x00007FFB48D23B29
Exception at PC 0x00007FFB48D23B29
Exception at PC 0x00007FFB48D23B29
Exception at PC 0x00007FFB48D23B29
Exception at PC 0x00007FFB48D23B29
Exception at PC 0x00007FFB48D23B29
Exception at PC 0x00007FFB48D23B29
Exception at PC 0x00007FFB48D23B29
Exception at PC 0x00007FFB48D23B29
Exception at PC 0x00007FFB48D23B29
[0]  [0x00007FFB146EBB93]
[1]  [0x00007FFB146EBB93]
[2]  [0x00007FFB146EB4A1]
[3]  [0x00007FFB146EB3EF]
[4]  [0x00007FFB146D19FE]
[5]  [0x00007FFB146D0ED1]
[6]  [0x00007FFB146D0D76]
[7]  [0x00007FFB146779F6]
[8]  [0x00007FFB14667AFB]
[9]  [0x00007FFB1478E90A]
[10]  [0x00007FFB147A9F87]
[11]  [0x00007FFB147AA05F]
[12] (BaseThreadInitThunk+0x14) [0x00007FFB4B3F7C24]
[13] (RtlUserThreadStart+0x21) [0x00007FFB4BD4D721]
Done
Exception at PC 0x00007FFB48D23B29
Exception at PC 0x00007FFB48D23B29
Exception at PC 0x00007FFB48D23B29
Exception at PC 0x00007FFB48D23B29
Exception at PC 0x00007FFB48D23B29
Exception at PC 0x00007FFB48D23B29
